{
    "numFailedTestSuites": 0,
    "numFailedTests": 0,
    "numPassedTestSuites": 1,
    "numPassedTests": 3,
    "numPendingTestSuites": 0,
    "numPendingTests": 0,
    "numRuntimeErrorTestSuites": 0,
    "numTodoTests": 0,
    "numTotalTestSuites": 1,
    "numTotalTests": 3,
    "openHandles": [],
    "snapshot": {
        "added": 0,
        "didUpdate": false,
        "failure": false,
        "filesAdded": 0,
        "filesRemoved": 0,
        "filesRemovedList": [],
        "filesUnmatched": 0,
        "filesUpdated": 0,
        "matched": 0,
        "total": 0,
        "unchecked": 0,
        "uncheckedKeysByFile": [],
        "unmatched": 0,
        "updated": 0
    },
    "startTime": 1649504399609,
    "success": true,
    "testResults": [
        {
            "assertionResults": [
                {
                    "ancestorTitles": [
                        "move"
                    ],
                    "failureMessages": [],
                    "fullName": "move moves given file to another folder",
                    "location": null,
                    "status": "passed",
                    "title": "moves given file to another folder"
                },
                {
                    "ancestorTitles": [
                        "move"
                    ],
                    "failureMessages": [],
                    "fullName": "move throws error if given source is not a file",
                    "location": null,
                    "status": "passed",
                    "title": "throws error if given source is not a file"
                },
                {
                    "ancestorTitles": [
                        "move"
                    ],
                    "failureMessages": [],
                    "fullName": "move throws error if given destination is not a folder",
                    "location": null,
                    "status": "passed",
                    "title": "throws error if given destination is not a folder"
                }
            ],
            "endTime": 1649504400116,
            "message": "",
            "name":"C:Done in 1.15s."
        }
    ]
}